<?xml version="1.0" encoding="UTF-8"?>
<robot generator="Robot 5.0.1 (Python 3.9.13 on win32)" generated="20230311 20:09:17.538" rpa="true" schemaversion="3">
<suite id="s1" name="Tasks" source="e:\Development\smart-home\acceptance-tests\tasks.robot">
<test id="s1-t1" name="Minimal task" line="8">
<kw name="Open Browser" library="RPA.Browser.Playwright">
<arg>https://robocorp.com/docs/development-guide/browser/playwright</arg>
<tag>BrowserControl</tag>
<tag>Setter</tag>
<doc>Opens a new browser instance. Use this keyword for quick experiments or debugging sessions.</doc>
<msg timestamp="20230311 20:09:22.453" level="WARN">Open Browser is for quick experimentation and debugging only. Use New Page for production.</msg>
<msg timestamp="20230311 20:09:22.495" level="INFO">{"browser": "chromium", "headless": false, "devtools": false, "handleSIGHUP": true, "handleSIGINT": true, "handleSIGTERM": true, "slowMo": 0.0, "timeout": 30000.0, "deprecated_pos_args": [], "tracesDir": "E:\\Development\\smart-home\\browser\\traces\\99ee8e1a-3af8-43af-9bb0-3be541bfc78c"}</msg>
<msg timestamp="20230311 20:09:25.181" level="INFO">Successfully created browser with options: {"browser":"chromium","headless":false,"devtools":false,"handleSIGHUP":true,"handleSIGINT":true,"handleSIGTERM":true,"slowMo":0,"timeout":30000,"deprecated_pos_args":[],"tracesDir":"E:\\Development\\smart-home\\browser\\traces\\99ee8e1a-3af8-43af-9bb0-3be541bfc78c"}</msg>
<msg timestamp="20230311 20:09:25.183" level="INFO">{
  "acceptDownloads": true,
  "bypassCSP": true,
  "forcedColors": "none",
  "hideRfBrowser": false,
  "ignoreHTTPSErrors": false,
  "javaScriptEnabled": true,
  "offline": false,
  "reducedMotion": "no-preference",
  "viewport": {
    "width": 1280,
    "height": 720
  },
  "deprecated_pos_args": []
}</msg>
<msg timestamp="20230311 20:09:25.213" level="INFO">Successfully created context. </msg>
<msg timestamp="20230311 20:09:25.214" level="INFO">{'acceptDownloads': True, 'bypassCSP': True, 'forcedColors': 'none', 'hideRfBrowser': False, 'ignoreHTTPSErrors': False, 'javaScriptEnabled': True, 'offline': False, 'reducedMotion': 'no-preference', 'viewport': {'width': 1280, 'height': 720}, 'deprecated_pos_args': []}</msg>
<msg timestamp="20230311 20:09:31.929" level="INFO">Successfully initialized new page object and opened url: https://robocorp.com/docs/development-guide/browser/playwright</msg>
<status status="PASS" starttime="20230311 20:09:22.452" endtime="20230311 20:09:31.929"/>
</kw>
<status status="PASS" starttime="20230311 20:09:22.446" endtime="20230311 20:09:31.931"/>
</test>
<doc>Playwright template.</doc>
<status status="PASS" starttime="20230311 20:09:17.546" endtime="20230311 20:09:32.070"/>
</suite>
<statistics>
<total>
<stat pass="1" fail="0" skip="0">All Tasks</stat>
</total>
<tag>
</tag>
<suite>
<stat pass="1" fail="0" skip="0" id="s1" name="Tasks">Tasks</stat>
</suite>
</statistics>
<errors>
<msg timestamp="20230311 20:09:22.453" level="WARN">Open Browser is for quick experimentation and debugging only. Use New Page for production.</msg>
</errors>
</robot>
